<?xml version="1.0" encoding="UTF-8"?>
<!-- Generated by org.testng.reporters.JUnitXMLReporter -->
<testsuite ignored="0" hostname="MSI" failures="1" tests="1" name="Default test" time="0.542" errors="0" timestamp="2024-12-09T12:35:22 IST">
  <testcase classname="io.cucumber.testng.AbstractTestNGCucumberTests" name="runScenario" time="0.064">
    <failure type="java.lang.IllegalStateException" message="LandingPage object is not initialized. Ensure &amp;apos;I landed on Ecomerce Page&amp;apos; is executed before this step.">
      <![CDATA[java.lang.IllegalStateException: LandingPage object is not initialized. Ensure 'I landed on Ecomerce Page' is executed before this step.
at min.stepDefinition.stepDefinitionImplementation.Logged_in_with_ussename_password(stepDefinitionImplementation.java:34)
at ✽.Logged in with username pritammandal@gmail.com and password Rikprit23@(file:///C:/Users/Pemo/eclipse-workspace/selum/src/test/java/cucumber/StandloonTest.feature:11)
]]>
    </failure>
  </testcase> <!-- runScenario -->
</testsuite> <!-- Default test -->
