<?xml version="1.0" encoding="UTF-8"?>
<!-- Generated by org.testng.reporters.JUnitXMLReporter -->
<testsuite ignored="0" hostname="MSI" failures="1" tests="1" name="Submit Test" time="0.025" errors="0" timestamp="2024-12-08T17:48:50 IST">
  <testcase classname="gty.selum.StandloonTest" name="submitOrder" time="0.0">
    <failure type="java.lang.RuntimeException" message="java.lang.NoClassDefFoundError: org/apache/commons/io/FileUtils">
      <![CDATA[java.lang.RuntimeException: java.lang.NoClassDefFoundError: org/apache/commons/io/FileUtils
at java.base/java.util.ArrayList.forEach(ArrayList.java:1596)
Caused by: java.lang.NoClassDefFoundError: org/apache/commons/io/FileUtils
at gty.selum.BaseTest.getDataToMap(BaseTest.java:45)
at gty.selum.StandloonTest.GetData(StandloonTest.java:58)
... 29 more
Caused by: java.lang.ClassNotFoundException: org.apache.commons.io.FileUtils
at java.base/jdk.internal.loader.BuiltinClassLoader.loadClass(BuiltinClassLoader.java:641)
at java.base/jdk.internal.loader.ClassLoaders$AppClassLoader.loadClass(ClassLoaders.java:188)
at java.base/java.lang.ClassLoader.loadClass(ClassLoader.java:526)
... 36 more
... Removed 34 stack frames]]>
    </failure>
  </testcase> <!-- submitOrder -->
</testsuite> <!-- Submit Test -->
