<?xml version="1.0" encoding="UTF-8"?>
<testng-results ignored="0" total="1" passed="0" failed="1" skipped="0">
  <reporter-output>
  </reporter-output>
  <suite started-at="2024-12-09T12:35:22 IST" name="Default suite" finished-at="2024-12-09T12:35:22 IST" duration-ms="542">
    <groups>
      <group name="cucumber">
        <method signature="AbstractTestNGCucumberTests.runScenario(io.cucumber.testng.PickleWrapper,io.cucumber.testng.FeatureWrapper)[pri:0, instance:cucumber.TestNGTestRunner@6d60fe40]" name="runScenario" class="io.cucumber.testng.AbstractTestNGCucumberTests"/>
      </group> <!-- cucumber -->
    </groups>
    <test started-at="2024-12-09T12:35:22 IST" name="Default test" finished-at="2024-12-09T12:35:22 IST" duration-ms="542">
      <class name="cucumber.TestNGTestRunner">
        <test-method is-config="true" signature="setUpClass(org.testng.ITestContext)[pri:0, instance:cucumber.TestNGTestRunner@6d60fe40]" started-at="2024-12-09T12:35:22 IST" name="setUpClass" finished-at="2024-12-09T12:35:22 IST" duration-ms="430" status="PASS">
          <params>
            <param index="0">
              <value>
                <![CDATA[org.testng.TestRunner@352e612e]]>
              </value>
            </param>
          </params>
          <reporter-output>
          </reporter-output>
        </test-method> <!-- setUpClass -->
        <test-method signature="runScenario(io.cucumber.testng.PickleWrapper,io.cucumber.testng.FeatureWrapper)[pri:0, instance:cucumber.TestNGTestRunner@6d60fe40]" started-at="2024-12-09T12:35:22 IST" name="runScenario" description="Runs Cucumber Scenarios" data-provider="scenarios" finished-at="2024-12-09T12:35:22 IST" duration-ms="64" status="FAIL">
          <params>
            <param index="0">
              <value>
                <![CDATA["Positive Test of Submitting the Order"]]>
              </value>
            </param>
            <param index="1">
              <value>
                <![CDATA["Purchase The Order From Ecommerce Website"]]>
              </value>
            </param>
          </params>
          <exception class="java.lang.IllegalStateException">
            <message>
              <![CDATA[LandingPage object is not initialized. Ensure 'I landed on Ecomerce Page' is executed before this step.]]>
            </message>
            <full-stacktrace>
              <![CDATA[java.lang.IllegalStateException: LandingPage object is not initialized. Ensure 'I landed on Ecomerce Page' is executed before this step.
at min.stepDefinition.stepDefinitionImplementation.Logged_in_with_ussename_password(stepDefinitionImplementation.java:34)
at ✽.Logged in with username pritammandal@gmail.com and password Rikprit23@(file:///C:/Users/Pemo/eclipse-workspace/selum/src/test/java/cucumber/StandloonTest.feature:11)
]]>
            </full-stacktrace>
          </exception> <!-- java.lang.IllegalStateException -->
          <reporter-output>
          </reporter-output>
        </test-method> <!-- runScenario -->
        <test-method is-config="true" signature="tearDownClass()[pri:0, instance:cucumber.TestNGTestRunner@6d60fe40]" started-at="2024-12-09T12:35:22 IST" name="tearDownClass" finished-at="2024-12-09T12:35:22 IST" duration-ms="17" status="PASS">
          <reporter-output>
          </reporter-output>
        </test-method> <!-- tearDownClass -->
      </class> <!-- cucumber.TestNGTestRunner -->
    </test> <!-- Default test -->
  </suite> <!-- Default suite -->
</testng-results>
