<?xml version="1.0" encoding="UTF-8"?>
<!-- Generated by org.testng.reporters.JUnitReportReporter -->
<testsuite hostname="MSI" failures="0" tests="1" name="cucumber.TestNGTestRunner" time="0.064" errors="1" timestamp="2024-12-09T12:35:22 IST" skipped="0">
  <testcase classname="cucumber.TestNGTestRunner" name="runScenario" time="0.064">
    <error message="LandingPage object is not initialized. Ensure &#039;I landed on Ecomerce Page&#039; is executed before this step." type="java.lang.IllegalStateException">
      <![CDATA[java.lang.IllegalStateException: LandingPage object is not initialized. Ensure 'I landed on Ecomerce Page' is executed before this step.
at min.stepDefinition.stepDefinitionImplementation.Logged_in_with_ussename_password(stepDefinitionImplementation.java:34)
at ✽.Logged in with username pritammandal@gmail.com and password Rikprit23@(file:///C:/Users/Pemo/eclipse-workspace/selum/src/test/java/cucumber/StandloonTest.feature:11)
]]>
    </error>
  </testcase> <!-- runScenario -->
</testsuite> <!-- cucumber.TestNGTestRunner -->
